# JRE version: OpenJDK Runtime Environment (21.0.10) (build 21.0.10+-14961533-b1163.108)
# Java VM: OpenJDK 64-Bit Server VM (21.0.10+-14961533-b1163.108, mixed mode, tiered, compressed oops, compressed class ptrs, g1 gc, windows-amd64)
GC Precious Log:
 CardTable entry size: 512
 Card Set container configuration: InlinePtr #cards 5 size 8 Array Of Cards #cards 12 size 40 Howl #buckets 4 coarsen threshold 1843 Howl Bitmap #cards 512 size 80 coarsen threshold 460 Card regions per heap region 1 cards per card region 2048
 CPUs: 8 total, 8 available
 Memory: 8014M
 Large Page Support: Disabled
 NUMA Support: Disabled
 Compressed Oops: Enabled (32-bit)
 Heap Region Size: 1M
 Heap Min Capacity: 8M
 Heap Initial Capacity: 126M
 Heap Max Capacity: 2G
 Pre-touch: Disabled
 Parallel Workers: 8
 Concurrent Workers: 2
 Concurrent Refinement Workers: 8
 Periodic GC: Disabled
Heap:
 garbage-first heap   total 491520K, used 346112K [0x0000000080000000, 0x0000000100000000)
  region size 1024K, 68 young (69632K), 17 survivors (17408K)
 Metaspace       used 233217K, committed 235904K, reserved 1310720K
  class space    used 30231K, committed 31488K, reserved 1048576K
GC Heap History (20 events):
Event: 69.151 GC heap before
{Heap before GC invocations=101 (full 0):
 garbage-first heap   total 461824K, used 314603K [0x0000000080000000, 0x0000000100000000)
  region size 1024K, 55 young (56320K), 9 survivors (9216K)
 Metaspace       used 212014K, committed 214592K, reserved 1245184K
  class space    used 27901K, committed 29120K, reserved 1048576K
}
Event: 69.158 GC heap after
{Heap after GC invocations=102 (full 0):
 garbage-first heap   total 461824K, used 264012K [0x0000000080000000, 0x0000000100000000)
  region size 1024K, 7 young (7168K), 7 survivors (7168K)
 Metaspace       used 212014K, committed 214592K, reserved 1245184K
  class space    used 27901K, committed 29120K, reserved 1048576K
}
Event: 70.009 GC heap before
{Heap before GC invocations=103 (full 0):
 garbage-first heap   total 461824K, used 390988K [0x0000000080000000, 0x0000000100000000)
  region size 1024K, 175 young (179200K), 7 survivors (7168K)
 Metaspace       used 212406K, committed 214976K, reserved 1245184K
  class space    used 27925K, committed 29184K, reserved 1048576K
}
Event: 70.017 GC heap after
{Heap after GC invocations=104 (full 0):
 garbage-first heap   total 461824K, used 222837K [0x0000000080000000, 0x0000000100000000)
  region size 1024K, 10 young (10240K), 10 survivors (10240K)
 Metaspace       used 212406K, committed 214976K, reserved 1245184K
  class space    used 27925K, committed 29184K, reserved 1048576K
}
Event: 71.361 GC heap before
{Heap before GC invocations=104 (full 0):
 garbage-first heap   total 461824K, used 419445K [0x0000000080000000, 0x0000000100000000)
  region size 1024K, 198 young (202752K), 10 survivors (10240K)
 Metaspace       used 216688K, committed 219200K, reserved 1245184K
  class space    used 28307K, committed 29504K, reserved 1048576K
}
Event: 71.373 GC heap after
{Heap after GC invocations=105 (full 0):
 garbage-first heap   total 461824K, used 213250K [0x0000000080000000, 0x0000000100000000)
  region size 1024K, 12 young (12288K), 12 survivors (12288K)
 Metaspace       used 216688K, committed 219200K, reserved 1245184K
  class space    used 28307K, committed 29504K, reserved 1048576K
}
Event: 73.201 GC heap before
{Heap before GC invocations=105 (full 0):
 garbage-first heap   total 461824K, used 411906K [0x0000000080000000, 0x0000000100000000)
  region size 1024K, 207 young (211968K), 12 survivors (12288K)
 Metaspace       used 217001K, committed 219520K, reserved 1245184K
  class space    used 28331K, committed 29504K, reserved 1048576K
}
Event: 73.215 GC heap after
{Heap after GC invocations=106 (full 0):
 garbage-first heap   total 461824K, used 216117K [0x0000000080000000, 0x0000000100000000)
  region size 1024K, 14 young (14336K), 14 survivors (14336K)
 Metaspace       used 217001K, committed 219520K, reserved 1245184K
  class space    used 28331K, committed 29504K, reserved 1048576K
}
Event: 75.171 GC heap before
{Heap before GC invocations=107 (full 0):
 garbage-first heap   total 461824K, used 417845K [0x0000000080000000, 0x0000000100000000)
  region size 1024K, 212 young (217088K), 14 survivors (14336K)
 Metaspace       used 217403K, committed 219968K, reserved 1245184K
  class space    used 28362K, committed 29568K, reserved 1048576K
}
Event: 75.188 GC heap after
{Heap after GC invocations=108 (full 0):
 garbage-first heap   total 461824K, used 220510K [0x0000000080000000, 0x0000000100000000)
  region size 1024K, 19 young (19456K), 19 survivors (19456K)
 Metaspace       used 217403K, committed 219968K, reserved 1245184K
  class space    used 28362K, committed 29568K, reserved 1048576K
}
Event: 82.934 GC heap before
{Heap before GC invocations=108 (full 0):
 garbage-first heap   total 461824K, used 422238K [0x0000000080000000, 0x0000000100000000)
  region size 1024K, 217 young (222208K), 19 survivors (19456K)
 Metaspace       used 223535K, committed 226240K, reserved 1245184K
  class space    used 29138K, committed 30400K, reserved 1048576K
}
Event: 83.009 GC heap after
{Heap after GC invocations=109 (full 0):
 garbage-first heap   total 461824K, used 230980K [0x0000000080000000, 0x0000000100000000)
  region size 1024K, 28 young (28672K), 28 survivors (28672K)
 Metaspace       used 223535K, committed 226240K, reserved 1245184K
  class space    used 29138K, committed 30400K, reserved 1048576K
}
Event: 83.582 GC heap before
{Heap before GC invocations=109 (full 0):
 garbage-first heap   total 461824K, used 281156K [0x0000000080000000, 0x0000000100000000)
  region size 1024K, 78 young (79872K), 28 survivors (28672K)
 Metaspace       used 223615K, committed 226304K, reserved 1245184K
  class space    used 29138K, committed 30400K, reserved 1048576K
}
Event: 83.701 GC heap after
{Heap after GC invocations=110 (full 0):
 garbage-first heap   total 461824K, used 247808K [0x0000000080000000, 0x0000000100000000)
  region size 1024K, 17 young (17408K), 17 survivors (17408K)
 Metaspace       used 223615K, committed 226304K, reserved 1245184K
  class space    used 29138K, committed 30400K, reserved 1048576K
}
Event: 88.548 GC heap before
{Heap before GC invocations=111 (full 0):
 garbage-first heap   total 461824K, used 396288K [0x0000000080000000, 0x0000000100000000)
  region size 1024K, 163 young (166912K), 17 survivors (17408K)
 Metaspace       used 224037K, committed 226688K, reserved 1245184K
  class space    used 29144K, committed 30400K, reserved 1048576K
}
Event: 88.591 GC heap after
{Heap after GC invocations=112 (full 0):
 garbage-first heap   total 461824K, used 272384K [0x0000000080000000, 0x0000000100000000)
  region size 1024K, 21 young (21504K), 21 survivors (21504K)
 Metaspace       used 224037K, committed 226688K, reserved 1245184K
  class space    used 29144K, committed 30400K, reserved 1048576K
}
Event: 95.617 GC heap before
{Heap before GC invocations=112 (full 0):
 garbage-first heap   total 461824K, used 392192K [0x0000000080000000, 0x0000000100000000)
  region size 1024K, 139 young (142336K), 21 survivors (21504K)
 Metaspace       used 232942K, committed 235648K, reserved 1310720K
  class space    used 30216K, committed 31488K, reserved 1048576K
}
Event: 95.645 GC heap after
{Heap after GC invocations=113 (full 0):
 garbage-first heap   total 461824K, used 279552K [0x0000000080000000, 0x0000000100000000)
  region size 1024K, 18 young (18432K), 18 survivors (18432K)
 Metaspace       used 232942K, committed 235648K, reserved 1310720K
  class space    used 30216K, committed 31488K, reserved 1048576K
}
Event: 95.881 GC heap before
{Heap before GC invocations=113 (full 0):
 garbage-first heap   total 461824K, used 333824K [0x0000000080000000, 0x0000000100000000)
  region size 1024K, 72 young (73728K), 18 survivors (18432K)
 Metaspace       used 233045K, committed 235712K, reserved 1310720K
  class space    used 30216K, committed 31488K, reserved 1048576K
}
Event: 95.903 GC heap after
{Heap after GC invocations=114 (full 0):
 garbage-first heap   total 461824K, used 296960K [0x0000000080000000, 0x0000000100000000)
  region size 1024K, 17 young (17408K), 17 survivors (17408K)
 Metaspace       used 233045K, committed 235712K, reserved 1310720K
  class space    used 30216K, committed 31488K, reserved 1048576K
}

